[2024-11-30 02:28:56.019] install directory = C:/Users/spader/source/tdengine/dn_examples/sdf_clock
[2024-11-30 02:28:56.020] write directory = C:/Users/spader/AppData/Local
[2024-11-30 02:28:56.021] dn_file_monitors_init
[2024-11-30 02:28:58.273] scripting file: file_path = C:/Users/spader/source/tdengine/dn_examples/thirdparty/doublenickel/source/scripts/core/bootstrap.lua
[2024-11-30 02:28:58.277] Loading scripts from directory; path = C:/Users/spader/source/tdengine/dn_examples/thirdparty/doublenickel/source/scripts/third_party
[2024-11-30 02:28:58.278] scripting file: file_path = C:/Users/spader/source/tdengine/dn_examples/thirdparty/doublenickel/source/scripts/third_party/cimgui.lua
[2024-11-30 02:28:58.282] scripting file: file_path = C:/Users/spader/source/tdengine/dn_examples/thirdparty/doublenickel/source/scripts/third_party/debugger.lua
[2024-11-30 02:28:58.283] scripting file: file_path = C:/Users/spader/source/tdengine/dn_examples/thirdparty/doublenickel/source/scripts/third_party/glfw.lua
[2024-11-30 02:28:58.284] scripting file: file_path = C:/Users/spader/source/tdengine/dn_examples/thirdparty/doublenickel/source/scripts/third_party/inspect.lua
[2024-11-30 02:28:58.284] scripting file: file_path = C:/Users/spader/source/tdengine/dn_examples/thirdparty/doublenickel/source/scripts/third_party/log.lua
[2024-11-30 02:28:58.285] scripting file: file_path = C:/Users/spader/source/tdengine/dn_examples/thirdparty/doublenickel/source/scripts/third_party/profi.lua
[2024-11-30 02:28:58.285] scripting file: file_path = C:/Users/spader/source/tdengine/dn_examples/thirdparty/doublenickel/source/scripts/third_party/serpent.lua
[2024-11-30 02:28:58.286] Loading scripts from directory; path = C:/Users/spader/source/tdengine/dn_examples/thirdparty/doublenickel/source/scripts/third_party/imgui
[2024-11-30 02:28:58.287] scripting file: file_path = C:/Users/spader/source/tdengine/dn_examples/thirdparty/doublenickel/source/scripts/third_party/imgui/combinator_picker.lua
[2024-11-30 02:28:58.287] scripting file: file_path = C:/Users/spader/source/tdengine/dn_examples/thirdparty/doublenickel/source/scripts/third_party/imgui/dialogue_condition_list.lua
[2024-11-30 02:28:58.287] scripting file: file_path = C:/Users/spader/source/tdengine/dn_examples/thirdparty/doublenickel/source/scripts/third_party/imgui/imgui_extensions.lua
[2024-11-30 02:28:58.288] scripting file: file_path = C:/Users/spader/source/tdengine/dn_examples/thirdparty/doublenickel/source/scripts/third_party/imgui/state_picker.lua
[2024-11-30 02:28:58.289] Loading scripts from directory; path = C:/Users/spader/source/tdengine/dn_examples/thirdparty/doublenickel/source/scripts/core
[2024-11-30 02:28:58.291] scripting file: file_path = C:/Users/spader/source/tdengine/dn_examples/thirdparty/doublenickel/source/scripts/core/action.lua
[2024-11-30 02:28:58.292] scripting file: file_path = C:/Users/spader/source/tdengine/dn_examples/thirdparty/doublenickel/source/scripts/core/app.lua
[2024-11-30 02:28:58.292] scripting file: file_path = C:/Users/spader/source/tdengine/dn_examples/thirdparty/doublenickel/source/scripts/core/asset.lua
[2024-11-30 02:28:58.293] scripting file: file_path = C:/Users/spader/source/tdengine/dn_examples/thirdparty/doublenickel/source/scripts/core/audio.lua
[2024-11-30 02:28:58.293] scripting file: file_path = C:/Users/spader/source/tdengine/dn_examples/thirdparty/doublenickel/source/scripts/core/bootstrap.lua
[2024-11-30 02:28:58.294] scripting file: file_path = C:/Users/spader/source/tdengine/dn_examples/thirdparty/doublenickel/source/scripts/core/callbacks.lua
[2024-11-30 02:28:58.294] scripting file: file_path = C:/Users/spader/source/tdengine/dn_examples/thirdparty/doublenickel/source/scripts/core/class.lua
[2024-11-30 02:28:58.294] scripting file: file_path = C:/Users/spader/source/tdengine/dn_examples/thirdparty/doublenickel/source/scripts/core/component.lua
[2024-11-30 02:28:58.294] scripting file: file_path = C:/Users/spader/source/tdengine/dn_examples/thirdparty/doublenickel/source/scripts/core/debug.lua
[2024-11-30 02:28:58.295] scripting file: file_path = C:/Users/spader/source/tdengine/dn_examples/thirdparty/doublenickel/source/scripts/core/editor.lua
[2024-11-30 02:28:58.295] scripting file: file_path = C:/Users/spader/source/tdengine/dn_examples/thirdparty/doublenickel/source/scripts/core/entity.lua
[2024-11-30 02:28:58.296] scripting file: file_path = C:/Users/spader/source/tdengine/dn_examples/thirdparty/doublenickel/source/scripts/core/enum.lua
[2024-11-30 02:28:58.296] scripting file: file_path = C:/Users/spader/source/tdengine/dn_examples/thirdparty/doublenickel/source/scripts/core/ffi.lua
[2024-11-30 02:28:58.297] scripting file: file_path = C:/Users/spader/source/tdengine/dn_examples/thirdparty/doublenickel/source/scripts/core/filesystem.lua
[2024-11-30 02:28:58.297] scripting file: file_path = C:/Users/spader/source/tdengine/dn_examples/thirdparty/doublenickel/source/scripts/core/gpu_new.lua
[2024-11-30 02:28:58.298] scripting file: file_path = C:/Users/spader/source/tdengine/dn_examples/thirdparty/doublenickel/source/scripts/core/gui.lua
[2024-11-30 02:28:58.299] scripting file: file_path = C:/Users/spader/source/tdengine/dn_examples/thirdparty/doublenickel/source/scripts/core/hacks.lua
[2024-11-30 02:28:58.299] scripting file: file_path = C:/Users/spader/source/tdengine/dn_examples/thirdparty/doublenickel/source/scripts/core/imgui.lua
[2024-11-30 02:28:58.300] scripting file: file_path = C:/Users/spader/source/tdengine/dn_examples/thirdparty/doublenickel/source/scripts/core/input.lua
[2024-11-30 02:28:58.300] scripting file: file_path = C:/Users/spader/source/tdengine/dn_examples/thirdparty/doublenickel/source/scripts/core/interaction.lua
[2024-11-30 02:28:58.300] scripting file: file_path = C:/Users/spader/source/tdengine/dn_examples/thirdparty/doublenickel/source/scripts/core/iterator.lua
[2024-11-30 02:28:58.301] scripting file: file_path = C:/Users/spader/source/tdengine/dn_examples/thirdparty/doublenickel/source/scripts/core/layout.lua
[2024-11-30 02:28:58.301] scripting file: file_path = C:/Users/spader/source/tdengine/dn_examples/thirdparty/doublenickel/source/scripts/core/lifecycle.lua
[2024-11-30 02:28:58.302] scripting file: file_path = C:/Users/spader/source/tdengine/dn_examples/thirdparty/doublenickel/source/scripts/core/math.lua
[2024-11-30 02:28:58.302] scripting file: file_path = C:/Users/spader/source/tdengine/dn_examples/thirdparty/doublenickel/source/scripts/core/module.lua
[2024-11-30 02:28:58.302] scripting file: file_path = C:/Users/spader/source/tdengine/dn_examples/thirdparty/doublenickel/source/scripts/core/paths.lua
[2024-11-30 02:28:58.303] scripting file: file_path = C:/Users/spader/source/tdengine/dn_examples/thirdparty/doublenickel/source/scripts/core/persistent.lua
[2024-11-30 02:28:58.303] scripting file: file_path = C:/Users/spader/source/tdengine/dn_examples/thirdparty/doublenickel/source/scripts/core/physics.lua
[2024-11-30 02:28:58.303] scripting file: file_path = C:/Users/spader/source/tdengine/dn_examples/thirdparty/doublenickel/source/scripts/core/popup.lua
[2024-11-30 02:28:58.303] scripting file: file_path = C:/Users/spader/source/tdengine/dn_examples/thirdparty/doublenickel/source/scripts/core/reflect.lua
[2024-11-30 02:28:58.304] scripting file: file_path = C:/Users/spader/source/tdengine/dn_examples/thirdparty/doublenickel/source/scripts/core/save.lua
[2024-11-30 02:28:58.304] scripting file: file_path = C:/Users/spader/source/tdengine/dn_examples/thirdparty/doublenickel/source/scripts/core/sdf.lua
[2024-11-30 02:28:58.305] scripting file: file_path = C:/Users/spader/source/tdengine/dn_examples/thirdparty/doublenickel/source/scripts/core/serialize.lua
[2024-11-30 02:28:58.305] scripting file: file_path = C:/Users/spader/source/tdengine/dn_examples/thirdparty/doublenickel/source/scripts/core/state.lua
[2024-11-30 02:28:58.305] scripting file: file_path = C:/Users/spader/source/tdengine/dn_examples/thirdparty/doublenickel/source/scripts/core/subsystem.lua
[2024-11-30 02:28:58.306] scripting file: file_path = C:/Users/spader/source/tdengine/dn_examples/thirdparty/doublenickel/source/scripts/core/table.lua
[2024-11-30 02:28:58.306] scripting file: file_path = C:/Users/spader/source/tdengine/dn_examples/thirdparty/doublenickel/source/scripts/core/time_metric.lua
[2024-11-30 02:28:58.307] scripting file: file_path = C:/Users/spader/source/tdengine/dn_examples/thirdparty/doublenickel/source/scripts/core/update.lua
[2024-11-30 02:28:58.307] scripting file: file_path = C:/Users/spader/source/tdengine/dn_examples/thirdparty/doublenickel/source/scripts/core/utils.lua
[2024-11-30 02:28:58.307] scripting file: file_path = C:/Users/spader/source/tdengine/dn_examples/thirdparty/doublenickel/source/scripts/core/uuid.lua
[2024-11-30 02:28:58.308] scripting file: file_path = C:/Users/spader/source/tdengine/dn_examples/thirdparty/doublenickel/source/scripts/core/window.lua
[2024-11-30 02:28:58.308] Loading scripts from directory; path = C:/Users/spader/source/tdengine/dn_examples/thirdparty/doublenickel/source/scripts/core/assets
[2024-11-30 02:28:58.309] scripting file: file_path = C:/Users/spader/source/tdengine/dn_examples/thirdparty/doublenickel/source/scripts/core/assets/background.lua
[2024-11-30 02:28:58.309] scripting file: file_path = C:/Users/spader/source/tdengine/dn_examples/thirdparty/doublenickel/source/scripts/core/assets/fonts.lua
[2024-11-30 02:28:58.309] scripting file: file_path = C:/Users/spader/source/tdengine/dn_examples/thirdparty/doublenickel/source/scripts/core/assets/image.lua
[2024-11-30 02:28:58.310] scripting file: file_path = C:/Users/spader/source/tdengine/dn_examples/thirdparty/doublenickel/source/scripts/core/assets/texture.lua
[2024-11-30 02:28:58.310] Loading scripts from directory; path = C:/Users/spader/source/tdengine/dn_examples/thirdparty/doublenickel/source/scripts/core/data_types
[2024-11-30 02:28:58.311] scripting file: file_path = C:/Users/spader/source/tdengine/dn_examples/thirdparty/doublenickel/source/scripts/core/data_types/array.lua
[2024-11-30 02:28:58.311] scripting file: file_path = C:/Users/spader/source/tdengine/dn_examples/thirdparty/doublenickel/source/scripts/core/data_types/color.lua
[2024-11-30 02:28:58.312] scripting file: file_path = C:/Users/spader/source/tdengine/dn_examples/thirdparty/doublenickel/source/scripts/core/data_types/input_buffer.lua
[2024-11-30 02:28:58.312] scripting file: file_path = C:/Users/spader/source/tdengine/dn_examples/thirdparty/doublenickel/source/scripts/core/data_types/input_filter.lua
[2024-11-30 02:28:58.313] scripting file: file_path = C:/Users/spader/source/tdengine/dn_examples/thirdparty/doublenickel/source/scripts/core/data_types/queue.lua
[2024-11-30 02:28:58.313] scripting file: file_path = C:/Users/spader/source/tdengine/dn_examples/thirdparty/doublenickel/source/scripts/core/data_types/stack.lua
[2024-11-30 02:28:58.313] scripting file: file_path = C:/Users/spader/source/tdengine/dn_examples/thirdparty/doublenickel/source/scripts/core/data_types/timer.lua
[2024-11-30 02:28:58.314] scripting file: file_path = C:/Users/spader/source/tdengine/dn_examples/thirdparty/doublenickel/source/scripts/core/data_types/vec2.lua
[2024-11-30 02:28:58.314] Loading scripts from directory; path = C:/Users/spader/source/tdengine/dn_examples/thirdparty/doublenickel/source/scripts/core/dialogue
[2024-11-30 02:28:58.315] scripting file: file_path = C:/Users/spader/source/tdengine/dn_examples/thirdparty/doublenickel/source/scripts/core/dialogue/DialogueController.lua
[2024-11-30 02:28:58.315] scripting file: file_path = C:/Users/spader/source/tdengine/dn_examples/thirdparty/doublenickel/source/scripts/core/dialogue/DialogueStack.lua
[2024-11-30 02:28:58.316] scripting file: file_path = C:/Users/spader/source/tdengine/dn_examples/thirdparty/doublenickel/source/scripts/core/dialogue/History.lua
[2024-11-30 02:28:58.316] scripting file: file_path = C:/Users/spader/source/tdengine/dn_examples/thirdparty/doublenickel/source/scripts/core/dialogue/dialogue.lua
[2024-11-30 02:28:58.316] scripting file: file_path = C:/Users/spader/source/tdengine/dn_examples/thirdparty/doublenickel/source/scripts/core/dialogue/dialogue_draw.lua
[2024-11-30 02:28:58.317] scripting file: file_path = C:/Users/spader/source/tdengine/dn_examples/thirdparty/doublenickel/source/scripts/core/dialogue/dialogue_evaluation.lua
[2024-11-30 02:28:58.317] scripting file: file_path = C:/Users/spader/source/tdengine/dn_examples/thirdparty/doublenickel/source/scripts/core/dialogue/dialogue_node.lua
[2024-11-30 02:28:58.317] scripting file: file_path = C:/Users/spader/source/tdengine/dn_examples/thirdparty/doublenickel/source/scripts/core/dialogue/dialogue_validation.lua
[2024-11-30 02:28:58.318] scripting file: file_path = C:/Users/spader/source/tdengine/dn_examples/thirdparty/doublenickel/source/scripts/core/dialogue/node_editor.lua
[2024-11-30 02:28:58.319] Loading scripts from directory; path = C:/Users/spader/source/tdengine/dn_examples/thirdparty/doublenickel/source/scripts/core/dialogue/nodes
[2024-11-30 02:28:58.321] scripting file: file_path = C:/Users/spader/source/tdengine/dn_examples/thirdparty/doublenickel/source/scripts/core/dialogue/nodes/Branch.lua
[2024-11-30 02:28:58.321] scripting file: file_path = C:/Users/spader/source/tdengine/dn_examples/thirdparty/doublenickel/source/scripts/core/dialogue/nodes/Call.lua
[2024-11-30 02:28:58.321] scripting file: file_path = C:/Users/spader/source/tdengine/dn_examples/thirdparty/doublenickel/source/scripts/core/dialogue/nodes/Choice.lua
[2024-11-30 02:28:58.322] scripting file: file_path = C:/Users/spader/source/tdengine/dn_examples/thirdparty/doublenickel/source/scripts/core/dialogue/nodes/ChoiceList.lua
[2024-11-30 02:28:58.323] scripting file: file_path = C:/Users/spader/source/tdengine/dn_examples/thirdparty/doublenickel/source/scripts/core/dialogue/nodes/Continue.lua
[2024-11-30 02:28:58.324] scripting file: file_path = C:/Users/spader/source/tdengine/dn_examples/thirdparty/doublenickel/source/scripts/core/dialogue/nodes/DevMarker.lua
[2024-11-30 02:28:58.324] scripting file: file_path = C:/Users/spader/source/tdengine/dn_examples/thirdparty/doublenickel/source/scripts/core/dialogue/nodes/DevNote.lua
[2024-11-30 02:28:58.324] scripting file: file_path = C:/Users/spader/source/tdengine/dn_examples/thirdparty/doublenickel/source/scripts/core/dialogue/nodes/End.lua
[2024-11-30 02:28:58.325] scripting file: file_path = C:/Users/spader/source/tdengine/dn_examples/thirdparty/doublenickel/source/scripts/core/dialogue/nodes/ExitGame.lua
[2024-11-30 02:28:58.325] scripting file: file_path = C:/Users/spader/source/tdengine/dn_examples/thirdparty/doublenickel/source/scripts/core/dialogue/nodes/Function.lua
[2024-11-30 02:28:58.325] scripting file: file_path = C:/Users/spader/source/tdengine/dn_examples/thirdparty/doublenickel/source/scripts/core/dialogue/nodes/Increment.lua
[2024-11-30 02:28:58.326] scripting file: file_path = C:/Users/spader/source/tdengine/dn_examples/thirdparty/doublenickel/source/scripts/core/dialogue/nodes/Jump.lua
[2024-11-30 02:28:58.326] scripting file: file_path = C:/Users/spader/source/tdengine/dn_examples/thirdparty/doublenickel/source/scripts/core/dialogue/nodes/Label.lua
[2024-11-30 02:28:58.326] scripting file: file_path = C:/Users/spader/source/tdengine/dn_examples/thirdparty/doublenickel/source/scripts/core/dialogue/nodes/PlaySound.lua
[2024-11-30 02:28:58.326] scripting file: file_path = C:/Users/spader/source/tdengine/dn_examples/thirdparty/doublenickel/source/scripts/core/dialogue/nodes/Random.lua
[2024-11-30 02:28:58.327] scripting file: file_path = C:/Users/spader/source/tdengine/dn_examples/thirdparty/doublenickel/source/scripts/core/dialogue/nodes/Return.lua
[2024-11-30 02:28:58.327] scripting file: file_path = C:/Users/spader/source/tdengine/dn_examples/thirdparty/doublenickel/source/scripts/core/dialogue/nodes/Set.lua
[2024-11-30 02:28:58.327] scripting file: file_path = C:/Users/spader/source/tdengine/dn_examples/thirdparty/doublenickel/source/scripts/core/dialogue/nodes/Text.lua
[2024-11-30 02:28:58.328] scripting file: file_path = C:/Users/spader/source/tdengine/dn_examples/thirdparty/doublenickel/source/scripts/core/dialogue/nodes/Unreachable.lua
[2024-11-30 02:28:58.328] scripting file: file_path = C:/Users/spader/source/tdengine/dn_examples/thirdparty/doublenickel/source/scripts/core/dialogue/nodes/Wait.lua
[2024-11-30 02:28:58.328] Loading scripts from directory; path = C:/Users/spader/source/tdengine/dn_examples/thirdparty/doublenickel/source/scripts/core/interpolation
[2024-11-30 02:28:58.329] scripting file: file_path = C:/Users/spader/source/tdengine/dn_examples/thirdparty/doublenickel/source/scripts/core/interpolation/constant_speed.lua
[2024-11-30 02:28:58.330] scripting file: file_path = C:/Users/spader/source/tdengine/dn_examples/thirdparty/doublenickel/source/scripts/core/interpolation/ease_in.lua
[2024-11-30 02:28:58.330] scripting file: file_path = C:/Users/spader/source/tdengine/dn_examples/thirdparty/doublenickel/source/scripts/core/interpolation/ease_inout.lua
[2024-11-30 02:28:58.330] scripting file: file_path = C:/Users/spader/source/tdengine/dn_examples/thirdparty/doublenickel/source/scripts/core/interpolation/ease_inout_bounce.lua
[2024-11-30 02:28:58.331] scripting file: file_path = C:/Users/spader/source/tdengine/dn_examples/thirdparty/doublenickel/source/scripts/core/interpolation/ease_out.lua
[2024-11-30 02:28:58.331] scripting file: file_path = C:/Users/spader/source/tdengine/dn_examples/thirdparty/doublenickel/source/scripts/core/interpolation/exponential.lua
[2024-11-30 02:28:58.331] scripting file: file_path = C:/Users/spader/source/tdengine/dn_examples/thirdparty/doublenickel/source/scripts/core/interpolation/interpolator.lua
[2024-11-30 02:28:58.332] scripting file: file_path = C:/Users/spader/source/tdengine/dn_examples/thirdparty/doublenickel/source/scripts/core/interpolation/lerp.lua
[2024-11-30 02:28:58.332] scripting file: file_path = C:/Users/spader/source/tdengine/dn_examples/thirdparty/doublenickel/source/scripts/core/interpolation/parabolic.lua
[2024-11-30 02:28:58.332] scripting file: file_path = C:/Users/spader/source/tdengine/dn_examples/thirdparty/doublenickel/source/scripts/core/interpolation/smooth_damp.lua
[2024-11-30 02:28:58.333] Loading scripts from directory; path = C:/Users/spader/source/tdengine/dn_examples/thirdparty/doublenickel/source/scripts/editor
[2024-11-30 02:28:58.334] scripting file: file_path = C:/Users/spader/source/tdengine/dn_examples/thirdparty/doublenickel/source/scripts/editor/AnimationEditor.lua
[2024-11-30 02:28:58.335] scripting file: file_path = C:/Users/spader/source/tdengine/dn_examples/thirdparty/doublenickel/source/scripts/editor/AssetEditor.lua
[2024-11-30 02:28:58.335] scripting file: file_path = C:/Users/spader/source/tdengine/dn_examples/thirdparty/doublenickel/source/scripts/editor/CharacterEditor.lua
[2024-11-30 02:28:58.336] scripting file: file_path = C:/Users/spader/source/tdengine/dn_examples/thirdparty/doublenickel/source/scripts/editor/ColliderEditor.lua
[2024-11-30 02:28:58.337] scripting file: file_path = C:/Users/spader/source/tdengine/dn_examples/thirdparty/doublenickel/source/scripts/editor/DialogueEditor.lua
[2024-11-30 02:28:58.339] scripting file: file_path = C:/Users/spader/source/tdengine/dn_examples/thirdparty/doublenickel/source/scripts/editor/EditorCamera.lua
[2024-11-30 02:28:58.339] scripting file: file_path = C:/Users/spader/source/tdengine/dn_examples/thirdparty/doublenickel/source/scripts/editor/EngineStats.lua
[2024-11-30 02:28:58.339] scripting file: file_path = C:/Users/spader/source/tdengine/dn_examples/thirdparty/doublenickel/source/scripts/editor/EntitySelection.lua
[2024-11-30 02:28:58.340] scripting file: file_path = C:/Users/spader/source/tdengine/dn_examples/thirdparty/doublenickel/source/scripts/editor/GameView.lua
[2024-11-30 02:28:58.341] scripting file: file_path = C:/Users/spader/source/tdengine/dn_examples/thirdparty/doublenickel/source/scripts/editor/Hotkey.lua
[2024-11-30 02:28:58.341] scripting file: file_path = C:/Users/spader/source/tdengine/dn_examples/thirdparty/doublenickel/source/scripts/editor/MainMenu.lua
[2024-11-30 02:28:58.342] scripting file: file_path = C:/Users/spader/source/tdengine/dn_examples/thirdparty/doublenickel/source/scripts/editor/SceneEditor.lua
[2024-11-30 02:28:58.342] scripting file: file_path = C:/Users/spader/source/tdengine/dn_examples/thirdparty/doublenickel/source/scripts/editor/StateEditor.lua
[2024-11-30 02:28:58.343] scripting file: file_path = C:/Users/spader/source/tdengine/dn_examples/thirdparty/doublenickel/source/scripts/editor/TextEditor.lua
[2024-11-30 02:28:58.343] scripting file: file_path = C:/Users/spader/source/tdengine/dn_examples/thirdparty/doublenickel/source/scripts/editor/TextureAtlasEditor.lua
[2024-11-30 02:29:01.600] Loading scripts from directory; path = C:/Users/spader/source/tdengine/dn_examples/thirdparty/doublenickel/source/scripts/components
[2024-11-30 02:29:01.602] scripting file: file_path = C:/Users/spader/source/tdengine/dn_examples/thirdparty/doublenickel/source/scripts/components/Animation.lua
[2024-11-30 02:29:01.602] scripting file: file_path = C:/Users/spader/source/tdengine/dn_examples/thirdparty/doublenickel/source/scripts/components/Box.lua
[2024-11-30 02:29:01.603] scripting file: file_path = C:/Users/spader/source/tdengine/dn_examples/thirdparty/doublenickel/source/scripts/components/Capsule.lua
[2024-11-30 02:29:01.603] scripting file: file_path = C:/Users/spader/source/tdengine/dn_examples/thirdparty/doublenickel/source/scripts/components/Circle.lua
[2024-11-30 02:29:01.605] scripting file: file_path = C:/Users/spader/source/tdengine/dn_examples/thirdparty/doublenickel/source/scripts/components/Collider.lua
[2024-11-30 02:29:01.605] scripting file: file_path = C:/Users/spader/source/tdengine/dn_examples/thirdparty/doublenickel/source/scripts/components/ColliderPoints.lua
[2024-11-30 02:29:01.606] scripting file: file_path = C:/Users/spader/source/tdengine/dn_examples/thirdparty/doublenickel/source/scripts/components/Default.lua
[2024-11-30 02:29:01.606] scripting file: file_path = C:/Users/spader/source/tdengine/dn_examples/thirdparty/doublenickel/source/scripts/components/DialogueInteraction.lua
[2024-11-30 02:29:01.606] scripting file: file_path = C:/Users/spader/source/tdengine/dn_examples/thirdparty/doublenickel/source/scripts/components/Interaction.lua
[2024-11-30 02:29:01.607] scripting file: file_path = C:/Users/spader/source/tdengine/dn_examples/thirdparty/doublenickel/source/scripts/components/Position.lua
[2024-11-30 02:29:01.607] scripting file: file_path = C:/Users/spader/source/tdengine/dn_examples/thirdparty/doublenickel/source/scripts/components/Render.lua
[2024-11-30 02:29:01.607] scripting file: file_path = C:/Users/spader/source/tdengine/dn_examples/thirdparty/doublenickel/source/scripts/components/Selectable.lua
[2024-11-30 02:29:01.608] Loading scripts from directory; path = C:/Users/spader/source/tdengine/dn_examples/thirdparty/doublenickel/source/scripts/editor
[2024-11-30 02:29:01.609] scripting file: file_path = C:/Users/spader/source/tdengine/dn_examples/thirdparty/doublenickel/source/scripts/editor/AnimationEditor.lua
[2024-11-30 02:29:01.609] scripting file: file_path = C:/Users/spader/source/tdengine/dn_examples/thirdparty/doublenickel/source/scripts/editor/AssetEditor.lua
[2024-11-30 02:29:01.610] scripting file: file_path = C:/Users/spader/source/tdengine/dn_examples/thirdparty/doublenickel/source/scripts/editor/CharacterEditor.lua
[2024-11-30 02:29:01.610] scripting file: file_path = C:/Users/spader/source/tdengine/dn_examples/thirdparty/doublenickel/source/scripts/editor/ColliderEditor.lua
[2024-11-30 02:29:01.611] scripting file: file_path = C:/Users/spader/source/tdengine/dn_examples/thirdparty/doublenickel/source/scripts/editor/DialogueEditor.lua
[2024-11-30 02:29:01.612] scripting file: file_path = C:/Users/spader/source/tdengine/dn_examples/thirdparty/doublenickel/source/scripts/editor/EditorCamera.lua
[2024-11-30 02:29:01.613] scripting file: file_path = C:/Users/spader/source/tdengine/dn_examples/thirdparty/doublenickel/source/scripts/editor/EngineStats.lua
[2024-11-30 02:29:01.614] scripting file: file_path = C:/Users/spader/source/tdengine/dn_examples/thirdparty/doublenickel/source/scripts/editor/EntitySelection.lua
[2024-11-30 02:29:01.614] scripting file: file_path = C:/Users/spader/source/tdengine/dn_examples/thirdparty/doublenickel/source/scripts/editor/GameView.lua
[2024-11-30 02:29:01.615] scripting file: file_path = C:/Users/spader/source/tdengine/dn_examples/thirdparty/doublenickel/source/scripts/editor/Hotkey.lua
[2024-11-30 02:29:01.615] scripting file: file_path = C:/Users/spader/source/tdengine/dn_examples/thirdparty/doublenickel/source/scripts/editor/MainMenu.lua
[2024-11-30 02:29:01.616] scripting file: file_path = C:/Users/spader/source/tdengine/dn_examples/thirdparty/doublenickel/source/scripts/editor/SceneEditor.lua
[2024-11-30 02:29:01.616] scripting file: file_path = C:/Users/spader/source/tdengine/dn_examples/thirdparty/doublenickel/source/scripts/editor/StateEditor.lua
[2024-11-30 02:29:01.616] scripting file: file_path = C:/Users/spader/source/tdengine/dn_examples/thirdparty/doublenickel/source/scripts/editor/TextEditor.lua
[2024-11-30 02:29:01.618] scripting file: file_path = C:/Users/spader/source/tdengine/dn_examples/thirdparty/doublenickel/source/scripts/editor/TextureAtlasEditor.lua
[2024-11-30 02:29:01.618] Loading scripts from directory; path = C:/Users/spader/source/tdengine/dn_examples/thirdparty/doublenickel/source/scripts/entities
[2024-11-30 02:29:01.619] scripting file: file_path = C:/Users/spader/source/tdengine/dn_examples/thirdparty/doublenickel/source/scripts/entities/Background.lua
[2024-11-30 02:29:01.620] scripting file: file_path = C:/Users/spader/source/tdengine/dn_examples/thirdparty/doublenickel/source/scripts/entities/Camera.lua
[2024-11-30 02:29:01.621] scripting file: file_path = C:/Users/spader/source/tdengine/dn_examples/thirdparty/doublenickel/source/scripts/entities/CameraBounds.lua
[2024-11-30 02:29:01.621] scripting file: file_path = C:/Users/spader/source/tdengine/dn_examples/thirdparty/doublenickel/source/scripts/entities/Debug.lua
[2024-11-30 02:29:01.622] scripting file: file_path = C:/Users/spader/source/tdengine/dn_examples/thirdparty/doublenickel/source/scripts/entities/EditorUtility.lua
[2024-11-30 02:29:01.623] scripting file: file_path = C:/Users/spader/source/tdengine/dn_examples/thirdparty/doublenickel/source/scripts/entities/EulerianFluidSystem.lua
[2024-11-30 02:29:01.623] scripting file: file_path = C:/Users/spader/source/tdengine/dn_examples/thirdparty/doublenickel/source/scripts/entities/ForegroundProp.lua
[2024-11-30 02:29:01.623] scripting file: file_path = C:/Users/spader/source/tdengine/dn_examples/thirdparty/doublenickel/source/scripts/entities/LagrangianFluidSystem.lua
[2024-11-30 02:29:01.624] scripting file: file_path = C:/Users/spader/source/tdengine/dn_examples/thirdparty/doublenickel/source/scripts/entities/Marker.lua
[2024-11-30 02:29:01.625] scripting file: file_path = C:/Users/spader/source/tdengine/dn_examples/thirdparty/doublenickel/source/scripts/entities/ParticleSystem.lua
[2024-11-30 02:29:01.625] scripting file: file_path = C:/Users/spader/source/tdengine/dn_examples/thirdparty/doublenickel/source/scripts/entities/StaticProp.lua
[2024-11-30 02:29:01.625] scripting file: file_path = C:/Users/spader/source/tdengine/dn_examples/thirdparty/doublenickel/source/scripts/entities/Wall.lua
[2024-11-30 02:29:01.626] Loading scripts from directory; path = C:/Users/spader/source/tdengine/dn_examples/sdf_clock/source/app
[2024-11-30 02:29:01.627] scripting file: file_path = C:/Users/spader/source/tdengine/dn_examples/sdf_clock/source/app/App.lua
[2024-11-30 02:29:01.627] Loading scripts from directory; path = C:/Users/spader/source/tdengine/dn_examples/sdf_clock/source/app/data
[2024-11-30 02:29:01.628] scripting file: file_path = C:/Users/spader/source/tdengine/dn_examples/sdf_clock/source/app/data/paths.lua
[2024-11-30 02:29:01.628] scripting file: file_path = C:/Users/spader/source/tdengine/dn_examples/sdf_clock/source/app/data/textures.lua
[2024-11-30 02:29:01.629] Loading scripts from directory; path = C:/Users/spader/source/tdengine/dn_examples/sdf_clock/source/app/data/boonbane
[2024-11-30 02:29:01.629] Loading scripts from directory; path = C:/Users/spader/source/tdengine/dn_examples/sdf_clock/source/app/data/boonbane/saves
[2024-11-30 02:29:01.629] Loading scripts from directory; path = C:/Users/spader/source/tdengine/dn_examples/sdf_clock/source/app/data/boonbane/screenshots
[2024-11-30 02:29:01.630] Loading scripts from directory; path = C:/Users/spader/source/tdengine/dn_examples/sdf_clock/source/app/data/layouts
[2024-11-30 02:29:01.630] Loading scripts from directory; path = C:/Users/spader/source/tdengine/dn_examples/sdf_clock/source/app/data/scenes
[2024-11-30 02:29:01.631] scripting file: file_path = C:/Users/spader/source/tdengine/dn_examples/sdf_clock/source/app/data/scenes/default.lua
[2024-11-30 02:29:01.631] scripting file: file_path = C:/Users/spader/source/tdengine/dn_examples/sdf_clock/source/app/data/scenes/persistent.lua
[2024-11-30 02:29:01.632] scripting file: file_path = C:/Users/spader/source/tdengine/dn_examples/sdf_clock/source/app/data/scenes/sdf_clock.lua
[2024-11-30 02:29:01.632] Loading scripts from directory; path = C:/Users/spader/source/tdengine/dn_examples/sdf_clock/source/app/data/states
[2024-11-30 02:29:01.632] scripting file: file_path = C:/Users/spader/source/tdengine/dn_examples/sdf_clock/source/app/data/states/default.lua
[2024-11-30 02:29:01.632] Loading scripts from directory; path = C:/Users/spader/source/tdengine/dn_examples/sdf_clock/source/app/entities
[2024-11-30 02:29:01.633] scripting file: file_path = C:/Users/spader/source/tdengine/dn_examples/sdf_clock/source/app/entities/SdfClock.lua
[2024-11-30 02:29:01.635] dn_app_configure
[2024-11-30 02:29:04.912] creating window: native_resolution = [320, 180], content_area = [0, 0], windowed = 1, border = 2, vsync = 0, refresh_rate = 144, monitor = 0
[2024-11-30 02:29:05.294] OpenGL version: 4.5.0 NVIDIA 516.94
[2024-11-30 02:29:05.296] dn_window_set_display_mode: mode = 5
[2024-11-30 02:29:05.298] dn_input_callback_window_size: width = 2560, height = 1421
[2024-11-30 02:29:05.303] dn_window_set_icon: C:/Users/spader/source/tdengine/dn_examples/thirdparty/doublenickel/asset/images/logo/icon.png
[2024-11-30 02:29:05.313] dn_imgui_init
[2024-11-30 02:29:05.314] dn_imgui_load_layout: default
[2024-11-30 02:29:05.315] dn_imgui_init: Initializing ImGui backend
[2024-11-30 02:29:05.316] dn_assets_init
[2024-11-30 02:29:05.316] dn_assets_init: Registered importer; id = Background, on_import = -974314246, on_complete = -974309521
[2024-11-30 02:29:05.316] dn_audio_init
[2024-11-30 02:29:05.317] dn_audio_init: Loading default audio directory; directory = C:/Users/spader/source/tdengine/dn_examples/thirdparty/doublenickel/asset/audio
[2024-11-30 02:29:05.319] dn_audio_init: Initializing audio backend
[2024-11-30 02:29:05.345] dn_font_init
[2024-11-30 02:29:05.347] dn_font_bake: (merriweather) C:/Users/spader/source/tdengine/dn_examples/thirdparty/doublenickel/asset/fonts/Merriweather-Regular.ttf
[2024-11-30 02:29:05.347] dn_font_bake: merriweather, C:/Users/spader/source/tdengine/dn_examples/thirdparty/doublenickel/asset/fonts/Merriweather-Regular.ttf, 16
[2024-11-30 02:29:05.363] dn_font_bake: merriweather, C:/Users/spader/source/tdengine/dn_examples/thirdparty/doublenickel/asset/fonts/Merriweather-Regular.ttf, 24
[2024-11-30 02:29:05.372] dn_font_bake: merriweather, C:/Users/spader/source/tdengine/dn_examples/thirdparty/doublenickel/asset/fonts/Merriweather-Regular.ttf, 28
[2024-11-30 02:29:05.381] dn_font_bake: merriweather, C:/Users/spader/source/tdengine/dn_examples/thirdparty/doublenickel/asset/fonts/Merriweather-Regular.ttf, 32
[2024-11-30 02:29:05.391] dn_font_bake: (inconsolata) C:/Users/spader/source/tdengine/dn_examples/thirdparty/doublenickel/asset/fonts/Inconsolata-Regular.ttf
[2024-11-30 02:29:05.391] dn_font_bake: inconsolata, C:/Users/spader/source/tdengine/dn_examples/thirdparty/doublenickel/asset/fonts/Inconsolata-Regular.ttf, 16
[2024-11-30 02:29:05.398] dn_font_bake: inconsolata, C:/Users/spader/source/tdengine/dn_examples/thirdparty/doublenickel/asset/fonts/Inconsolata-Regular.ttf, 12
[2024-11-30 02:29:05.405] dn_font_bake: inconsolata, C:/Users/spader/source/tdengine/dn_examples/thirdparty/doublenickel/asset/fonts/Inconsolata-Regular.ttf, 20
[2024-11-30 02:29:05.412] dn_font_bake: inconsolata, C:/Users/spader/source/tdengine/dn_examples/thirdparty/doublenickel/asset/fonts/Inconsolata-Regular.ttf, 24
[2024-11-30 02:29:05.418] dn_font_bake: inconsolata, C:/Users/spader/source/tdengine/dn_examples/thirdparty/doublenickel/asset/fonts/Inconsolata-Regular.ttf, 28
[2024-11-30 02:29:05.425] dn_font_bake: inconsolata, C:/Users/spader/source/tdengine/dn_examples/thirdparty/doublenickel/asset/fonts/Inconsolata-Regular.ttf, 32
[2024-11-30 02:29:05.432] dn_font_bake: inconsolata, C:/Users/spader/source/tdengine/dn_examples/thirdparty/doublenickel/asset/fonts/Inconsolata-Regular.ttf, 36
[2024-11-30 02:29:05.441] dn_font_bake: inconsolata, C:/Users/spader/source/tdengine/dn_examples/thirdparty/doublenickel/asset/fonts/Inconsolata-Regular.ttf, 48
[2024-11-30 02:29:05.449] dn_font_bake: inconsolata, C:/Users/spader/source/tdengine/dn_examples/thirdparty/doublenickel/asset/fonts/Inconsolata-Regular.ttf, 64
[2024-11-30 02:29:05.458] dn_font_bake: (inconsolata-extrabold) C:/Users/spader/source/tdengine/dn_examples/thirdparty/doublenickel/asset/fonts/Inconsolata-ExtraBold.ttf
[2024-11-30 02:29:05.459] dn_font_bake: inconsolata-extrabold, C:/Users/spader/source/tdengine/dn_examples/thirdparty/doublenickel/asset/fonts/Inconsolata-ExtraBold.ttf, 12
[2024-11-30 02:29:05.463] dn_font_bake: inconsolata-extrabold, C:/Users/spader/source/tdengine/dn_examples/thirdparty/doublenickel/asset/fonts/Inconsolata-ExtraBold.ttf, 16
[2024-11-30 02:29:05.467] dn_font_bake: inconsolata-extrabold, C:/Users/spader/source/tdengine/dn_examples/thirdparty/doublenickel/asset/fonts/Inconsolata-ExtraBold.ttf, 20
[2024-11-30 02:29:05.472] dn_font_bake: inconsolata-extrabold, C:/Users/spader/source/tdengine/dn_examples/thirdparty/doublenickel/asset/fonts/Inconsolata-ExtraBold.ttf, 24
[2024-11-30 02:29:05.477] dn_font_bake: inconsolata-extrabold, C:/Users/spader/source/tdengine/dn_examples/thirdparty/doublenickel/asset/fonts/Inconsolata-ExtraBold.ttf, 28
[2024-11-30 02:29:05.482] dn_font_bake: inconsolata-extrabold, C:/Users/spader/source/tdengine/dn_examples/thirdparty/doublenickel/asset/fonts/Inconsolata-ExtraBold.ttf, 32
[2024-11-30 02:29:05.488] dn_font_bake: inconsolata-extrabold, C:/Users/spader/source/tdengine/dn_examples/thirdparty/doublenickel/asset/fonts/Inconsolata-ExtraBold.ttf, 36
[2024-11-30 02:29:05.496] dn_font_bake: inconsolata-extrabold, C:/Users/spader/source/tdengine/dn_examples/thirdparty/doublenickel/asset/fonts/Inconsolata-ExtraBold.ttf, 48
[2024-11-30 02:29:05.504] dn_font_bake: inconsolata-extrabold, C:/Users/spader/source/tdengine/dn_examples/thirdparty/doublenickel/asset/fonts/Inconsolata-ExtraBold.ttf, 64
[2024-11-30 02:29:05.517] dn_font_bake: (Font::Tiny5) C:/Users/spader/source/tdengine/dn_examples/sdf_clock/asset/fonts/Tiny5-Regular.ttf
[2024-11-30 02:29:05.517] dn_font_bake: Font::Tiny5, C:/Users/spader/source/tdengine/dn_examples/sdf_clock/asset/fonts/Tiny5-Regular.ttf, 16
[2024-11-30 02:29:05.528] dn_font_bake: Font::Tiny5, C:/Users/spader/source/tdengine/dn_examples/sdf_clock/asset/fonts/Tiny5-Regular.ttf, 24
[2024-11-30 02:29:05.539] dn_font_bake: Font::Tiny5, C:/Users/spader/source/tdengine/dn_examples/sdf_clock/asset/fonts/Tiny5-Regular.ttf, 32
[2024-11-30 02:29:05.550] dn_gpu_init
[2024-11-30 02:29:05.551] dn_gpu_init: Initializing shader file monitor
[2024-11-30 02:29:05.552] dn_gpu_init: Initializing default uniform block
[2024-11-30 02:29:05.552] dn_gpu_init: Initializing default shader include directories
[2024-11-30 02:29:05.553] dn_gpu_init: Initializing default shaders
[2024-11-30 02:29:05.553] dn_gpu_shader_create: GPU_SHADER_GRAPHICS (C:/Users/spader/source/tdengine/dn_examples/thirdparty/doublenickel/asset/shaders/sdf/shape.vertex) (C:/Users/spader/source/tdengine/dn_examples/thirdparty/doublenickel/asset/shaders/sdf/shape.fragment)
[2024-11-30 02:29:05.664] dn_assets_add: name = shape, data = 0000018AB5E59AE0
[2024-11-30 02:29:05.665] dn_gpu_shader_create: GPU_SHADER_GRAPHICS (C:/Users/spader/source/tdengine/dn_examples/thirdparty/doublenickel/asset/shaders/solid/solid.vertex) (C:/Users/spader/source/tdengine/dn_examples/thirdparty/doublenickel/asset/shaders/solid/solid.fragment)
[2024-11-30 02:29:05.679] dn_assets_add: name = solid, data = 0000018AB5E59B40
[2024-11-30 02:29:05.680] dn_gpu_shader_create: GPU_SHADER_GRAPHICS (C:/Users/spader/source/tdengine/dn_examples/thirdparty/doublenickel/asset/shaders/sprite/sprite.vertex) (C:/Users/spader/source/tdengine/dn_examples/thirdparty/doublenickel/asset/shaders/sprite/sprite.fragment)
[2024-11-30 02:29:05.695] dn_assets_add: name = sprite, data = 0000018AB5E59BA0
[2024-11-30 02:29:05.696] dn_gpu_shader_create: GPU_SHADER_GRAPHICS (C:/Users/spader/source/tdengine/dn_examples/thirdparty/doublenickel/asset/shaders/text/text.vertex) (C:/Users/spader/source/tdengine/dn_examples/thirdparty/doublenickel/asset/shaders/text/text.fragment)
[2024-11-30 02:29:05.710] dn_assets_add: name = text, data = 0000018AB5E59C00
[2024-11-30 02:29:05.711] dn_gpu_shader_create: GPU_SHADER_GRAPHICS (C:/Users/spader/source/tdengine/dn_examples/sdf_clock/asset/shaders/shader.vertex) (C:/Users/spader/source/tdengine/dn_examples/sdf_clock/asset/shaders/shader.fragment)
[2024-11-30 02:29:05.712] dn_assets_add: name = Shader::Sample, data = 0000018AB5E59C60
[2024-11-30 02:29:05.713] dn_assets_add: name = RenderTarget::Native, data = 0000018AB5C4B810
[2024-11-30 02:29:05.714] dn_assets_add: name = RenderTarget::Upscaled, data = 0000018AB5C4B860
[2024-11-30 02:29:05.852] Could not initialize Steam. Error: Cannot create IPC pipe to Steam client process.  Steam is probably not running.
[2024-11-30 02:29:05.882] dn_imgui_load_layout: sdf_clock
[2024-11-30 02:29:06.069] 131218: PERFORMANCE of MEDIUM severity, raised from API: Program/shader state performance warning: Vertex shader in program 1 is being recompiled based on GL state.

[2024-11-30 02:29:06.070] 131218: PERFORMANCE of MEDIUM severity, raised from API: Program/shader state performance warning: Vertex shader in program 1 is being recompiled based on GL state, and was not found in the disk cache

[2024-11-30 02:29:08.482] dn_input_callback_window_size: width = 2560, height = 1377
[2024-11-30 02:29:10.383] dn_input_callback_window_size: width = 2560, height = 1421
